
 

 qt4

rm -f main.o
rm -f *~ core *.core
compiling main.cpp
linking qt4
 

 db

rm -f main.o
rm -f *~ core *.core
compiling main.cpp
main.cpp:1:16: fatal error: db.h: El fitxer o directori no existeix
compilation terminated.
make: *** [main.o] Error 1
 

 xrandr

rm -f main.o
rm -f *~ core *.core
compiling main.cpp
linking xrandr
 

 zeroconf

rm -f zeroconf.o
rm -f *~ core *.core
compiling zeroconf.cpp
zeroconf.cpp:1:20: fatal error: dns_sd.h: El fitxer o directori no existeix
compilation terminated.
make: *** [zeroconf.o] Error 1
Reading /home/karasu/trendigital/libqxt/tools/3rdparty/qdoc3/qdoc3.pro
Reading /home/karasu/trendigital/libqxt/src/core/core.pro
Reading /home/karasu/trendigital/libqxt/src/gui/gui.pro
Reading /home/karasu/trendigital/libqxt/src/designer/designer.pro
Reading /home/karasu/trendigital/libqxt/src/network/network.pro
Reading /home/karasu/trendigital/libqxt/src/sql/sql.pro
Reading /home/karasu/trendigital/libqxt/src/web/web.pro
